<?xml version="1.0" encoding="UTF-8"?>
<testsuite xmlns:xsi="http://www.w3.org/2001/XMLSchema-instance" xsi:noNamespaceSchemaLocation="https://maven.apache.org/surefire/maven-surefire-plugin/xsd/surefire-test-report-3.0.xsd" version="3.0" name="AuthIntegrationTest" time="2.473" tests="2" errors="0" skipped="0" failures="0">
  <properties>
[...]
</properties>
  <testcase name="shouldReturnOKWithValidToken" classname="AuthIntegrationTest" time="2.04">
    <system-out><![CDATA[Generated Token::eyJhbGciOiJIUzM4NCJ9.eyJzdWIiOiJ0ZXN0dXNlckB0ZXN0LmNvbSIsInJvbGUiOiJBRE1JTiIsImlhdCI6MTc1MzQzNTAwOSwiZXhwIjoxNzUzNDcxMDA5fQ.2cigBHCe0L1BPBH8bwaRgx5vCZk-ha50beWBnoPs7KS44NPKbEO5tgxBaFTYD3Zx
]]></system-out>
  </testcase>
  <testcase name="shouldReturnUnauthorizedOnInvalidLogin" classname="AuthIntegrationTest" time="0.04"/>
</testsuite>